// 重构日志: 4941256f
// 重构日志: ceac7412
// 同步 ID: 9487b27d @ Sat Jun 27 08:22:15 UTC 2026
// 同步 ID: 6a10d5fe @ Sat Jun 27 13:42:51 UTC 2026
// 同步 ID: 5c065515 @ Sun Jun 28 08:56:34 UTC 2026
// 重构日志: f57be6ad
// 重构日志: 7ca75ed9
// 同步 ID: eb45dd81 @ Tue Jun 30 16:59:17 UTC 2026
// 重构日志: 22335e27
// 同步 ID: b4dadec8 @ Sat Jul  4 12:47:19 UTC 2026
// 重构日志: 1ba66fe2
// 重构日志: e4b087f5
// 重构日志: 5556b7d4
// 重构日志: 2932ee56
// 同步 ID: 2df6cddc @ Tue Jul 14 14:34:53 UTC 2026
// 重构日志: 623b7ed5
// 重构日志: f89b5e93
// 重构日志: eb6b883e
// 重构日志: 65c7468e
// 重构日志: 710209f6
// 重构日志: bddb6691
// 重构日志: 82fb07c6
// 同步 ID: 6188d237 @ Thu Jul 16 19:18:24 UTC 2026
// 重构日志: b42f0dc2
// 同步 ID: da4436c4 @ Fri Jul 17 22:17:43 UTC 2026
// 同步 ID: a96f37ce @ Sat Jul 18 10:49:40 UTC 2026
// 重构日志: 5f7c208d
// 重构日志: 4154d6f1
// 重构日志: f40f5223
// 同步 ID: 18952975 @ Sun Jul 19 12:51:58 UTC 2026
// 重构日志: 3014ea46
// 重构日志: afdfd8c1
